<?xml version="1.0" encoding="UTF-8"?>
<!-- Generated by org.testng.reporters.JUnitReportReporter -->
<testsuite skipped="0" hostname="Alenas-MacBook-Air.local" name="tests.Test8CopyTestNG_NegativeLoginTest" tests="1" failures="0" timestamp="31 Mar 2019 18:23:36 GMT" time="6.481" errors="0">
  <testcase name="test" time="6.481" classname="tests.Test8CopyTestNG_NegativeLoginTest"/>
</testsuite> <!-- tests.Test8CopyTestNG_NegativeLoginTest -->
